0 info it worked if it ends with ok
1 verbose cli [ '/usr/local/bin/node',
1 verbose cli   '/usr/local/lib/node_modules/npm/bin/npm-cli.js',
1 verbose cli   'install',
1 verbose cli   '--scripts-prepend-node-path=auto' ]
2 info using npm@3.10.9
3 info using node@v7.2.0
4 silly loadCurrentTree Starting
5 silly install loadCurrentTree
6 silly install readLocalPackageData
7 silly install normalizeTree
8 silly loadCurrentTree Finishing
9 silly loadIdealTree Starting
10 silly install loadIdealTree
11 silly cloneCurrentTree Starting
12 silly install cloneCurrentTreeToIdealTree
13 silly cloneCurrentTree Finishing
14 silly loadShrinkwrap Starting
15 silly install loadShrinkwrap
16 silly loadShrinkwrap Finishing
17 silly loadAllDepsIntoIdealTree Starting
18 silly install loadAllDepsIntoIdealTree
19 silly fetchNamedPackageData @symfony/webpack-encore
20 silly mapToRegistry name @symfony/webpack-encore
21 silly mapToRegistry scope (from package name) @symfony
22 verbose mapToRegistry no registry URL found in name for scope @symfony
23 silly mapToRegistry using default registry
24 silly mapToRegistry registry https://registry.npmjs.org/
25 silly mapToRegistry data Result {
25 silly mapToRegistry   raw: '@symfony/webpack-encore',
25 silly mapToRegistry   scope: '@symfony',
25 silly mapToRegistry   escapedName: '@symfony%2fwebpack-encore',
25 silly mapToRegistry   name: '@symfony/webpack-encore',
25 silly mapToRegistry   rawSpec: '',
25 silly mapToRegistry   spec: 'latest',
25 silly mapToRegistry   type: 'tag' }
26 silly mapToRegistry uri https://registry.npmjs.org/@symfony%2fwebpack-encore
27 verbose request uri https://registry.npmjs.org/@symfony%2fwebpack-encore
28 verbose request no auth needed
29 info attempt registry request try #1 at 9:36:43 AM
30 verbose request id 76b4ea7494bff48f
31 verbose etag W/"5a81f422-ca44"
32 verbose lastModified Mon, 12 Feb 2018 20:08:02 GMT
33 http request GET https://registry.npmjs.org/@symfony%2fwebpack-encore
34 http 304 https://registry.npmjs.org/@symfony%2fwebpack-encore
35 verbose headers { date: 'Thu, 22 Mar 2018 08:36:43 GMT',
35 verbose headers   via: '1.1 varnish',
35 verbose headers   'cache-control': 'max-age=0',
35 verbose headers   etag: 'W/"5a81f422-ca44"',
35 verbose headers   age: '0',
35 verbose headers   connection: 'keep-alive',
35 verbose headers   'x-served-by': 'cache-cdg8735-CDG',
35 verbose headers   'x-cache': 'MISS',
35 verbose headers   'x-cache-hits': '0',
35 verbose headers   'x-timer': 'S1521707804.962434,VS0,VE792',
35 verbose headers   vary: 'Accept, Accept-Encoding' }
36 silly get cb [ 304,
36 silly get   { date: 'Thu, 22 Mar 2018 08:36:43 GMT',
36 silly get     via: '1.1 varnish',
36 silly get     'cache-control': 'max-age=0',
36 silly get     etag: 'W/"5a81f422-ca44"',
36 silly get     age: '0',
36 silly get     connection: 'keep-alive',
36 silly get     'x-served-by': 'cache-cdg8735-CDG',
36 silly get     'x-cache': 'MISS',
36 silly get     'x-cache-hits': '0',
36 silly get     'x-timer': 'S1521707804.962434,VS0,VE792',
36 silly get     vary: 'Accept, Accept-Encoding' } ]
37 verbose etag https://registry.npmjs.org/@symfony%2fwebpack-encore from cache
38 verbose get saving @symfony/webpack-encore to /Users/patbal/.npm/registry.npmjs.org/_40symfony_252fwebpack-encore/.cache.json
39 verbose correctMkdir /Users/patbal/.npm correctMkdir not in flight; initializing
40 silly resolveWithNewModule @symfony/webpack-encore@0.17.1 checking installable status
41 silly cache add args [ '@symfony/webpack-encore@^0.17.0', null ]
42 verbose cache add spec @symfony/webpack-encore@^0.17.0
43 silly cache add parsed spec Result {
43 silly cache add   raw: '@symfony/webpack-encore@^0.17.0',
43 silly cache add   scope: '@symfony',
43 silly cache add   escapedName: '@symfony%2fwebpack-encore',
43 silly cache add   name: '@symfony/webpack-encore',
43 silly cache add   rawSpec: '^0.17.0',
43 silly cache add   spec: '>=0.17.0 <0.18.0',
43 silly cache add   type: 'range' }
44 silly addNamed @symfony/webpack-encore@>=0.17.0 <0.18.0
45 verbose addNamed ">=0.17.0 <0.18.0" is a valid semver range for @symfony/webpack-encore
46 silly addNameRange { name: '@symfony/webpack-encore',
46 silly addNameRange   range: '>=0.17.0 <0.18.0',
46 silly addNameRange   hasData: false }
47 silly mapToRegistry name @symfony/webpack-encore
48 silly mapToRegistry scope (from package name) @symfony
49 verbose mapToRegistry no registry URL found in name for scope @symfony
50 silly mapToRegistry using default registry
51 silly mapToRegistry registry https://registry.npmjs.org/
52 silly mapToRegistry data Result {
52 silly mapToRegistry   raw: '@symfony/webpack-encore',
52 silly mapToRegistry   scope: '@symfony',
52 silly mapToRegistry   escapedName: '@symfony%2fwebpack-encore',
52 silly mapToRegistry   name: '@symfony/webpack-encore',
52 silly mapToRegistry   rawSpec: '',
52 silly mapToRegistry   spec: 'latest',
52 silly mapToRegistry   type: 'tag' }
53 silly mapToRegistry uri https://registry.npmjs.org/@symfony%2fwebpack-encore
54 verbose addNameRange registry:https://registry.npmjs.org/@symfony%2fwebpack-encore not in flight; fetching
55 verbose get https://registry.npmjs.org/@symfony%2fwebpack-encore not expired, no request
56 silly addNameRange number 2 { name: '@symfony/webpack-encore',
56 silly addNameRange   range: '>=0.17.0 <0.18.0',
56 silly addNameRange   hasData: true }
57 silly addNameRange versions [ '@symfony/webpack-encore',
57 silly addNameRange   [ '0.6.0',
57 silly addNameRange     '0.7.0',
57 silly addNameRange     '0.7.1',
57 silly addNameRange     '0.7.2',
57 silly addNameRange     '0.8.0',
57 silly addNameRange     '0.9.0',
57 silly addNameRange     '0.9.1',
57 silly addNameRange     '0.10.0',
57 silly addNameRange     '0.11.0',
57 silly addNameRange     '0.12.0',
57 silly addNameRange     '0.13.0',
57 silly addNameRange     '0.14.0',
57 silly addNameRange     '0.15.0',
57 silly addNameRange     '0.15.1',
57 silly addNameRange     '0.16.0',
57 silly addNameRange     '0.17.0',
57 silly addNameRange     '0.17.1',
57 silly addNameRange     '0.18.0',
57 silly addNameRange     '0.19.0' ] ]
58 silly addNamed @symfony/webpack-encore@0.17.1
59 verbose addNamed "0.17.1" is a plain semver version for @symfony/webpack-encore
60 silly rollbackFailedOptional Starting
61 silly rollbackFailedOptional Finishing
62 silly runTopLevelLifecycles Finishing
63 silly install printInstalled
64 verbose stack Error: Invalid name: "@symfony/webpack-encore"
64 verbose stack     at ensureValidName (/usr/local/lib/node_modules/npm/node_modules/read-package-json/node_modules/normalize-package-data/lib/fixer.js:302:15)
64 verbose stack     at Object.fixNameField (/usr/local/lib/node_modules/npm/node_modules/read-package-json/node_modules/normalize-package-data/lib/fixer.js:206:5)
64 verbose stack     at /usr/local/lib/node_modules/npm/node_modules/read-package-json/node_modules/normalize-package-data/lib/normalize.js:29:38
64 verbose stack     at Array.forEach (native)
64 verbose stack     at normalize (/usr/local/lib/node_modules/npm/node_modules/read-package-json/node_modules/normalize-package-data/lib/normalize.js:28:15)
64 verbose stack     at final (/usr/local/lib/node_modules/npm/node_modules/read-package-json/read-json.js:349:5)
64 verbose stack     at then (/usr/local/lib/node_modules/npm/node_modules/read-package-json/read-json.js:124:5)
64 verbose stack     at ReadFileContext.<anonymous> (/usr/local/lib/node_modules/npm/node_modules/read-package-json/read-json.js:189:20)
64 verbose stack     at ReadFileContext.callback (/usr/local/lib/node_modules/npm/node_modules/graceful-fs/graceful-fs.js:78:16)
64 verbose stack     at FSReqWrap.readFileAfterOpen [as oncomplete] (fs.js:335:13)
65 verbose cwd /Users/patbal/Sites/crbp/orgarun
66 error Darwin 17.4.0
67 error argv "/usr/local/bin/node" "/usr/local/lib/node_modules/npm/bin/npm-cli.js" "install" "--scripts-prepend-node-path=auto"
68 error node v7.2.0
69 error npm  v3.10.9
70 error Invalid name: "@symfony/webpack-encore"
71 error If you need help, you may report this error at:
71 error     <https://github.com/npm/npm/issues>
72 verbose exit [ 1, true ]
